\BOOKMARK [1][-]{section.1}{Introduction}{}% 1
\BOOKMARK [2][-]{subsection.1.1}{Target Audience}{section.1}% 2
\BOOKMARK [2][-]{subsection.1.2}{Requirements/Assumptions}{section.1}% 3
\BOOKMARK [2][-]{subsection.1.3}{Inputs}{section.1}% 4
\BOOKMARK [1][-]{section.2}{Preparing Bare Metal Node Operating System}{}% 5
\BOOKMARK [2][-]{subsection.2.1}{Install and Setup diskimage-builder}{section.2}% 6
\BOOKMARK [2][-]{subsection.2.2}{Setup common environment for diskimage-builder}{section.2}% 7
\BOOKMARK [2][-]{subsection.2.3}{Preparing ironic deploy images}{section.2}% 8
\BOOKMARK [2][-]{subsection.2.4}{Preparing user images for bare metal instances}{section.2}% 9
\BOOKMARK [3][-]{subsubsection.2.4.1}{Preparing user image for head node OS}{subsection.2.4}% 10
\BOOKMARK [3][-]{subsubsection.2.4.2}{Preparing user image for compute node OS}{subsection.2.4}% 11
\BOOKMARK [3][-]{subsubsection.2.4.3}{Putting all together }{subsection.2.4}% 12
\BOOKMARK [1][-]{section.3}{Preparing Cloud-Init}{}% 13
\BOOKMARK [2][-]{subsection.3.1}{Preparing template for compute node cloud-init}{section.3}% 14
\BOOKMARK [2][-]{subsection.3.2}{Preparing template for sms node cloud-init}{section.3}% 15
\BOOKMARK [2][-]{subsection.3.3}{Prepare optional part of cloud-init}{section.3}% 16
\BOOKMARK [3][-]{subsubsection.3.3.1}{Update mrsh during cloud-init}{subsection.3.3}% 17
\BOOKMARK [3][-]{subsubsection.3.3.2}{Updating cluster shell during cloud -init}{subsection.3.3}% 18
\BOOKMARK [3][-]{subsubsection.3.3.3}{Enable genders during cloud-init}{subsection.3.3}% 19
\BOOKMARK [2][-]{subsection.3.4}{Configuring overall cloud-init}{section.3}% 20
\BOOKMARK [1][-]{section.4}{Instantiating OpenHPC System in OpenStack Cloud}{}% 21
\BOOKMARK [2][-]{subsection.4.1}{Prepare OpenStack for bare metal provisioning with ironic}{section.4}% 22
\BOOKMARK [2][-]{subsection.4.2}{Instantiate bare metal nodes}{section.4}% 23
\BOOKMARK [3][-]{subsubsection.4.2.1}{Setup generic bare metal instance}{subsection.4.2}% 24
\BOOKMARK [3][-]{subsubsection.4.2.2}{Setup HPC head node}{subsection.4.2}% 25
\BOOKMARK [3][-]{subsubsection.4.2.3}{Setup HPC compute nodes}{subsection.4.2}% 26
\BOOKMARK [3][-]{subsubsection.4.2.4}{Boot SMS node}{subsection.4.2}% 27
\BOOKMARK [3][-]{subsubsection.4.2.5}{Boot compute nodes}{subsection.4.2}% 28
\BOOKMARK [1][-]{section.5}{Appendix}{}% 29
